<?xml version="1.0" encoding="UTF-8"?>
<testng-results ignored="0" total="1" passed="1" failed="0" skipped="0">
  <reporter-output>
  </reporter-output>
  <suite started-at="2024-10-25T16:14:04 IST" name="Default suite" finished-at="2024-10-25T16:14:15 IST" duration-ms="10409">
    <groups>
    </groups>
    <test started-at="2024-10-25T16:14:04 IST" name="Default test" finished-at="2024-10-25T16:14:15 IST" duration-ms="10409">
      <class name="com.alert.proj.Capstone.AlertDemo">
        <test-method is-config="true" signature="beforeMethod()[pri:0, instance:com.alert.proj.Capstone.AlertDemo@1b7cc17c]" started-at="2024-10-25T16:14:04 IST" name="beforeMethod" finished-at="2024-10-25T16:14:10 IST" duration-ms="5684" status="PASS">
          <reporter-output>
          </reporter-output>
        </test-method> <!-- beforeMethod -->
        <test-method signature="handleAlert(java.lang.String,java.lang.String)[pri:0, instance:com.alert.proj.Capstone.AlertDemo@1b7cc17c]" started-at="2024-10-25T16:14:10 IST" name="handleAlert" data-provider="alert" finished-at="2024-10-25T16:14:15 IST" duration-ms="4584" status="PASS">
          <params>
            <param index="0">
              <value>
                <![CDATA[Lavanya]]>
              </value>
            </param>
            <param index="1">
              <value>
                <![CDATA[Lavanya]]>
              </value>
            </param>
          </params>
          <reporter-output>
          </reporter-output>
        </test-method> <!-- handleAlert -->
      </class> <!-- com.alert.proj.Capstone.AlertDemo -->
    </test> <!-- Default test -->
  </suite> <!-- Default suite -->
</testng-results>
