<?xml version="1.0" encoding="UTF-8"?>
<!-- Generated by org.testng.reporters.JUnitXMLReporter -->
<testsuite ignored="0" hostname="DESKTOP-4N6K1OF" failures="0" tests="6" name="demo" time="143.888" errors="0" timestamp="2024-11-08T15:32:36 IST">
  <testcase classname="com.calculator.project.Capstone.ButtonBasedCalculator" name="calculator" time="22.048"/>
  <testcase classname="com.coordinates.proj.Capstone.CocodinatesAndDropDown" name="dropdownandcoordinates" time="7.479"/>
  <testcase classname="com.coordinates.proj.Capstone.CocodinatesAndDropDown" name="dropdownandcoordinates" time="9.33"/>
  <testcase classname="com.timer.proj.capstone.CountDownTimer" name="timer" time="8.72"/>
  <testcase classname="com.alert.proj.Capstone.AlertDemo" name="handleAlert" time="8.626"/>
  <testcase classname="com.popups.proj.Capstone.Popups" name="handleAlerts" time="26.861"/>
</testsuite> <!-- demo -->
