<?xml version="1.0" encoding="UTF-8"?>
<!-- Generated by org.testng.reporters.JUnitXMLReporter -->
<testsuite ignored="0" hostname="DESKTOP-4N6K1OF" failures="0" tests="5" name="demo1" time="174.624" errors="0" timestamp="2024-11-08T15:33:07 IST">
  <testcase classname="com.calculator.project.Capstone.ButtonBasedCalculator" name="calculator" time="16.338"/>
  <testcase classname="com.coordinates.proj.Capstone.CocodinatesAndDropDown" name="dropdownandcoordinates" time="4.554"/>
  <testcase classname="com.coordinates.proj.Capstone.CocodinatesAndDropDown" name="dropdownandcoordinates" time="3.747"/>
  <testcase classname="com.timer.proj.capstone.CountDownTimer" name="timer" time="6.102"/>
  <testcase classname="com.alert.proj.Capstone.AlertDemo" name="handleAlert" time="4.283"/>
</testsuite> <!-- demo1 -->
